Line 14: Property Icon in Main had an invalid file reference.
Line 193: Property Picture in Image4 had an invalid file reference.
Line 259: Property ItemData in print_preview_selectArea had an invalid file reference.
Line 261: Property List in print_preview_selectArea had an invalid file reference.
Line 278: Property ItemData in print_preview_selescttask had an invalid file reference.
Line 280: Property List in print_preview_selescttask had an invalid file reference.
Line 334: Property Picture in print_prev_print had an invalid file reference.
Line 341: Property Picture in Image12 had an invalid file reference.
Line 451: Property Picture in Image11 had an invalid file reference.
Line 655: Property Picture in back_to_release had an invalid file reference.
Line 662: Property Picture in UpdateRelease had an invalid file reference.
Line 669: Property Picture in Image9 had an invalid file reference.
Line 784: Property Picture in backToRelease had an invalid file reference.
Line 791: Property Picture in Image8 had an invalid file reference.
Line 798: Property Picture in Image7 had an invalid file reference.
Line 950: Property ItemData in UserOptask had an invalid file reference.
Line 952: Property List in UserOptask had an invalid file reference.
Line 1051: Property Picture in userOpsave had an invalid file reference.
Line 1058: Property Picture in uoption had an invalid file reference.
Line 1325: Property Picture in saveRel had an invalid file reference.
Line 1332: Property Picture in Image6 had an invalid file reference.
Line 1349: Property Picture in upRel had an invalid file reference.
Line 1356: Property Picture in new_re had an invalid file reference.
Line 1398: Property ItemData in clientOpList had an invalid file reference.
Line 1400: Property List in clientOpList had an invalid file reference.
Line 1513: Property Picture in savecOp had an invalid file reference.
Line 1520: Property Picture in Image5 had an invalid file reference.
Line 1598: Property Picture in sav had an invalid file reference.
Line 1605: Property Picture in areaN had an invalid file reference.
Line 1612: Property Picture in saveAOp had an invalid file reference.
Line 1773: Property Picture in addClientUi had an invalid file reference.
Line 1780: Property Picture in Image3 had an invalid file reference.
Line 1832: Property Picture in addbutton had an invalid file reference.
Line 1839: Property Picture in addareaUI had an invalid file reference.
Line 1886: Property MouseIcon in bad_release had an invalid file reference.
Line 2036: Property MouseIcon in make_back_up had an invalid file reference.
Line 2063: Property Picture in back_up_not_ok had an invalid file reference.
Line 2070: Property Picture in back_up_ok had an invalid file reference.
Line 2077: Property Picture in release_not_ok1 had an invalid file reference.
Line 2084: Property Picture in release_ok2 had an invalid file reference.
Line 2091: Property Picture in release_ok1 had an invalid file reference.
Line 2098: Property Picture in client_not_ok had an invalid file reference.
Line 2105: Property Picture in client_ok had an invalid file reference.
Line 2112: Property Picture in area_not_ok had an invalid file reference.
Line 2119: Property Picture in area_ok had an invalid file reference.
Line 2180: Property Picture in area had an invalid file reference.
Line 2187: Property Picture in Image1 had an invalid file reference.
Line 2194: Property Picture in Image2 had an invalid file reference.
Line 2511: Property Picture in addClient1 had an invalid file reference.
Line 2572: Property Picture in notice had an invalid file reference.
Line 2579: Property Picture in close1 had an invalid file reference.
Line 2586: Property Picture in close2 had an invalid file reference.
Line 2621: Property Picture in min1 had an invalid file reference.
Line 2628: Property Picture in min2 had an invalid file reference.
Line 2635: Property Picture in logOut1 had an invalid file reference.
Line 2642: Property Picture in logout2 had an invalid file reference.
Line 2649: Property Picture in printPreview1 had an invalid file reference.
Line 2656: Property Picture in printpreview2 had an invalid file reference.
Line 2663: Property Picture in help1 had an invalid file reference.
Line 2670: Property Picture in help2 had an invalid file reference.
Line 2677: Property Picture in viewRemittance1 had an invalid file reference.
Line 2684: Property Picture in viewRemittance2 had an invalid file reference.
Line 2691: Property Picture in remittance1 had an invalid file reference.
Line 2698: Property Picture in remittance2 had an invalid file reference.
Line 2705: Property Picture in release1 had an invalid file reference.
Line 2712: Property Picture in release2 had an invalid file reference.
Line 2719: Property Picture in clientOption1 had an invalid file reference.
Line 2726: Property Picture in clientOption2 had an invalid file reference.
Line 2733: Property Picture in areaOption1 had an invalid file reference.
Line 2740: Property Picture in areaOption2 had an invalid file reference.
Line 2747: Property Picture in addArea1 had an invalid file reference.
Line 2754: Property Picture in addArea2 had an invalid file reference.
Line 2761: Property Picture in addClient2 had an invalid file reference.
Line 2768: Property Picture in home1 had an invalid file reference.
Line 2775: Property Picture in home2 had an invalid file reference.
Line 2800: Property Picture in developers1 had an invalid file reference.
Line 2807: Property Picture in customerSearch1 had an invalid file reference.
Line 2814: Property Picture in userOption1 had an invalid file reference.
Line 2821: Property Picture in useroption2 had an invalid file reference.
Line 2828: Property Picture in developers2 had an invalid file reference.
Line 2835: Property Picture in body had an invalid file reference.
Line 2862: Property Picture in header had an invalid file reference.
